
Benchmarks complete for runs/detect/baseline+M1(0,4)+M2/weights/best.pt on coco8.yaml at imgsz=224 (173.10s)
Benchmarks legend:  - ✅ Success  - ❎ Export passed but validation failed  - ❌️ Export failed
+-----------------------------------------------------------------------------------------------------------+
|      Format                  Status❔   Size (MB)   metrics/mAP50-95(B)   Inference time (ms/im)   FPS    |
+===========================================================================================================+
| 1    PyTorch                 ✅         6.0         0.0                   35.13                    28.47  |
| 2    TorchScript             ✅         11.9        0.0                   3.01                     331.98 |
| 3    ONNX                    ✅         10.1        0.0                   2.86                     349.65 |
| 4    OpenVINO                ❌         0.0         -                     -                        -      |
| 5    TensorRT                ✅         13.0        0.0                   1.14                     874.4  |
| 6    CoreML                  ❌         0.0         -                     -                        -      |
| 7    TensorFlow SavedModel   ✅         25.6        0.0                   88.17                    11.34  |
| 8    TensorFlow GraphDef     ✅         10.1        0.0                   96.49                    10.36  |
| 9    TensorFlow Lite         ❌         0.0         -                     -                        -      |
| 10   TensorFlow Edge TPU     ❌         0.0         -                     -                        -      |
| 11   TensorFlow.js           ❌         0.0         -                     -                        -      |
| 12   PaddlePaddle            ❌         0.0         -                     -                        -      |
| 13   MNN                     ✅         10.1        0.0                   11.87                    84.25  |
| 14   NCNN                    ✅         10.1        0.0                   565.42                   1.77   |
| 15   IMX                     ❌         0.0         -                     -                        -      |
| 16   RKNN                    ❌         0.0         -                     -                        -      |
| 17   ExecuTorch              ❌         0.0         -                     -                        -      |
| 18   Axelera AI              ❌         0.0         -                     -                        -      |
+-----------------------------------------------------------------------------------------------------------+

Benchmarks complete for runs/detect/baseline+M1(0,1,2,3,4)+M2/weights/best.pt on coco8.yaml at imgsz=224 (125.49s)
Benchmarks legend:  - ✅ Success  - ❎ Export passed but validation failed  - ❌️ Export failed
+------------------------------------------------------------------------------------------------------------+
|      Format                  Status❔   Size (MB)   metrics/mAP50-95(B)   Inference time (ms/im)   FPS     |
+============================================================================================================+
| 1    PyTorch                 ✅         6.0         0.0                   9.12                     109.59  |
| 2    TorchScript             ✅         11.9        0.0                   3.55                     281.74  |
| 3    ONNX                    ✅         10.1        0.0                   2.8                      356.96  |
| 4    OpenVINO                ❌         0.0         -                     -                        -       |
| 5    TensorRT                ✅         13.2        0.0                   0.92                     1088.41 |
| 6    CoreML                  ❌         0.0         -                     -                        -       |
| 7    TensorFlow SavedModel   ✅         25.4        0.0                   110.56                   9.04    |
| 8    TensorFlow GraphDef     ✅         10.1        0.0                   122.12                   8.19    |
| 9    TensorFlow Lite         ❌         0.0         -                     -                        -       |
| 10   TensorFlow Edge TPU     ❌         0.0         -                     -                        -       |
| 11   TensorFlow.js           ❌         0.0         -                     -                        -       |
| 12   PaddlePaddle            ❌         0.0         -                     -                        -       |
| 13   MNN                     ✅         10.1        0.0                   15.19                    65.85   |
| 14   NCNN                    ✅         10.1        0.0                   624.24                   1.6     |
| 15   IMX                     ❌         0.0         -                     -                        -       |
| 16   RKNN                    ❌         0.0         -                     -                        -       |
| 17   ExecuTorch              ❌         0.0         -                     -                        -       |
| 18   Axelera AI              ❌         0.0         -                     -                        -       |
+------------------------------------------------------------------------------------------------------------+
