
Benchmarks complete for runs/detect/baseline+M1/weights/best.pt on coco8.yaml at imgsz=224 (114.85s)
Benchmarks legend:  - ✅ Success  - ❎ Export passed but validation failed  - ❌️ Export failed
+-----------------------------------------------------------------------------------------------------------+
|      Format                  Status❔   Size (MB)   metrics/mAP50-95(B)   Inference time (ms/im)   FPS    |
+===========================================================================================================+
| 1    PyTorch                 ✅         3.8         0.0                   6.95                     143.89 |
| 2    TorchScript             ✅         7.6         0.0                   3.54                     282.65 |
| 3    ONNX                    ✅         7.3         0.0                   3.15                     317.29 |
| 4    OpenVINO                ❌         0.0         -                     -                        -      |
| 5    TensorRT                ✅         9.1         0.0                   1.45                     690.96 |
| 6    CoreML                  ❌         0.0         -                     -                        -      |
| 7    TensorFlow SavedModel   ✅         18.5        0.0                   89.22                    11.21  |
| 8    TensorFlow GraphDef     ✅         7.3         0.0                   87.13                    11.48  |
| 9    TensorFlow Lite         ❌         0.0         -                     -                        -      |
| 10   TensorFlow Edge TPU     ❌         0.0         -                     -                        -      |
| 11   TensorFlow.js           ❌         0.0         -                     -                        -      |
| 12   PaddlePaddle            ❌         0.0         -                     -                        -      |
| 13   MNN                     ✅         7.2         0.0                   17.34                    57.67  |
| 14   NCNN                    ✅         7.3         0.0                   497.19                   2.01   |
| 15   IMX                     ❌         0.0         -                     -                        -      |
| 16   RKNN                    ❌         0.0         -                     -                        -      |
| 17   ExecuTorch              ❌         0.0         -                     -                        -      |
| 18   Axelera AI              ❌         0.0         -                     -                        -      |
+-----------------------------------------------------------------------------------------------------------+
