
Benchmarks complete for runs/detect/baseline/weights/best.pt on coco8.yaml at imgsz=224 (181.04s)
Benchmarks legend:  - ✅ Success  - ❎ Export passed but validation failed  - ❌️ Export failed
+-----------------------------------------------------------------------------------------------------------+
|      Format                  Status❔   Size (MB)   metrics/mAP50-95(B)   Inference time (ms/im)   FPS    |
+===========================================================================================================+
| 1    PyTorch                 ✅         3.8         0.0002                32.47                    30.8   |
| 2    TorchScript             ✅         7.6         0.0                   3.72                     268.58 |
| 3    ONNX                    ✅         7.3         0.0                   2.81                     355.48 |
| 4    OpenVINO                ❌         0.0         -                     -                        -      |
| 5    TensorRT                ✅         9.1         0.0                   1.27                     787.32 |
| 6    CoreML                  ❌         0.0         -                     -                        -      |
| 7    TensorFlow SavedModel   ✅         18.5        0.0                   89.34                    11.19  |
| 8    TensorFlow GraphDef     ✅         7.3         0.0                   113.87                   8.78   |
| 9    TensorFlow Lite         ❌         0.0         -                     -                        -      |
| 10   TensorFlow Edge TPU     ❌         0.0         -                     -                        -      |
| 11   TensorFlow.js           ❌         0.0         -                     -                        -      |
| 12   PaddlePaddle            ❌         0.0         -                     -                        -      |
| 13   MNN                     ✅         7.2         0.0                   9.45                     105.76 |
| 14   NCNN                    ✅         7.3         0.0                   595.16                   1.68   |
| 15   IMX                     ❌         0.0         -                     -                        -      |
| 16   RKNN                    ❌         0.0         -                     -                        -      |
| 17   ExecuTorch              ❌         0.0         -                     -                        -      |
| 18   Axelera AI              ❌         0.0         -                     -                        -      |
+-----------------------------------------------------------------------------------------------------------+
