
Benchmarks complete for runs/detect/baseline+M1+M2(16)/weights/best.pt on coco8.yaml at imgsz=224 (160.36s)
Benchmarks legend:  - ✅ Success  - ❎ Export passed but validation failed  - ❌️ Export failed
+-----------------------------------------------------------------------------------------------------------+
|      Format                  Status❔   Size (MB)   metrics/mAP50-95(B)   Inference time (ms/im)   FPS    |
+===========================================================================================================+
| 1    PyTorch                 ✅         6.0         0.0                   36.09                    27.71  |
| 2    TorchScript             ✅         11.9        0.0                   3.31                     302.01 |
| 3    ONNX                    ✅         10.1        0.0                   2.6                      384.06 |
| 4    OpenVINO                ❌         0.0         -                     -                        -      |
| 5    TensorRT                ✅         13.2        0.0                   1.0                      996.35 |
| 6    CoreML                  ❌         0.0         -                     -                        -      |
| 7    TensorFlow SavedModel   ✅         25.5        0.0                   84.79                    11.79  |
| 8    TensorFlow GraphDef     ✅         10.1        0.0                   91.63                    10.91  |
| 9    TensorFlow Lite         ❌         0.0         -                     -                        -      |
| 10   TensorFlow Edge TPU     ❌         0.0         -                     -                        -      |
| 11   TensorFlow.js           ❌         0.0         -                     -                        -      |
| 12   PaddlePaddle            ❌         0.0         -                     -                        -      |
| 13   MNN                     ✅         10.1        0.0                   15.08                    66.32  |
| 14   NCNN                    ✅         10.1        0.0                   1027.42                  0.97   |
| 15   IMX                     ❌         0.0         -                     -                        -      |
| 16   RKNN                    ❌         0.0         -                     -                        -      |
| 17   ExecuTorch              ❌         0.0         -                     -                        -      |
| 18   Axelera AI              ❌         0.0         -                     -                        -      |
+-----------------------------------------------------------------------------------------------------------+
