
Benchmarks complete for runs/detect/baseline+M1+M2+M3(scdown)/weights/best.pt on coco8.yaml at imgsz=224 (181.00s)
Benchmarks legend:  - ✅ Success  - ❎ Export passed but validation failed  - ❌️ Export failed
+-----------------------------------------------------------------------------------------------------------+
|      Format                  Status❔   Size (MB)   metrics/mAP50-95(B)   Inference time (ms/im)   FPS    |
+===========================================================================================================+
| 1    PyTorch                 ✅         6.4         0.0                   42.39                    23.59  |
| 2    TorchScript             ✅         12.8        0.0                   3.27                     305.87 |
| 3    ONNX                    ✅         12.4        0.0                   2.38                     420.03 |
| 4    OpenVINO                ❌         0.0         -                     -                        -      |
| 5    TensorRT                ✅         14.4        0.0                   1.15                     868.89 |
| 6    CoreML                  ❌         0.0         -                     -                        -      |
| 7    TensorFlow SavedModel   ✅         31.4        0.0                   143.74                   6.96   |
| 8    TensorFlow GraphDef     ✅         12.4        0.0                   117.56                   8.51   |
| 9    TensorFlow Lite         ❌         0.0         -                     -                        -      |
| 10   TensorFlow Edge TPU     ❌         0.0         -                     -                        -      |
| 11   TensorFlow.js           ❌         0.0         -                     -                        -      |
| 12   PaddlePaddle            ❌         0.0         -                     -                        -      |
| 13   MNN                     ✅         12.4        0.0                   12.62                    79.22  |
| 14   NCNN                    ✅         12.4        0.0                   620.82                   1.61   |
| 15   IMX                     ❌         0.0         -                     -                        -      |
| 16   RKNN                    ❌         0.0         -                     -                        -      |
| 17   ExecuTorch              ❌         0.0         -                     -                        -      |
| 18   Axelera AI              ❌         0.0         -                     -                        -      |
+-----------------------------------------------------------------------------------------------------------+
